----------------Thread id: < 140702647478016 > Running...----------------
----------------Thread id: < 140702639085312 > Running...----------------
----------------Thread id: < 140702630692608 > Running...----------------
----------------Thread id: < 140702622299904 > Running...----------------
----------------Thread id: < 140702613907200 > Running...----------------

----------------Thread id: < 140561372047104 > Running...----------------
----------------Thread id: < 140561363654400 > Running...----------------
----------------Thread id: < 140561355261696 > Running...----------------
----------------Thread id: < 140561346868992 > Running...----------------
----------------Thread id: < 140561338476288 > Running...----------------

----------------Thread id: < 140064778950400 > Running...----------------
----------------Thread id: < 140064770557696 > Running...----------------
----------------Thread id: < 140064762164992 > Running...----------------
----------------Thread id: < 140064753772288 > Running...----------------
----------------Thread id: < 140064745379584 > Running...----------------

----------------Thread id: < 140680988014336 > Running...----------------
----------------Thread id: < 140680979621632 > Running...----------------
----------------Thread id: < 140680971228928 > Running...----------------
----------------Thread id: < 140680962836224 > Running...----------------
----------------Thread id: < 140680954443520 > Running...----------------

----------------Thread id: < 140073536923392 > Running...----------------
----------------Thread id: < 140073528530688 > Running...----------------
----------------Thread id: < 140073520137984 > Running...----------------
----------------Thread id: < 140073511745280 > Running...----------------
----------------Thread id: < 140073503352576 > Running...----------------

----------------Thread id: < 139848757458688 > Running...----------------
----------------Thread id: < 139848749065984 > Running...----------------
----------------Thread id: < 139848740673280 > Running...----------------
----------------Thread id: < 139848732280576 > Running...----------------
----------------Thread id: < 139848723887872 > Running...----------------

----------------Thread id: < 139840280098560 > Running...----------------
----------------Thread id: < 139840271705856 > Running...----------------
----------------Thread id: < 139840263313152 > Running...----------------
----------------Thread id: < 139840254920448 > Running...----------------
----------------Thread id: < 139840246527744 > Running...----------------

----------------Thread id: < 140227232126720 > Running...----------------
----------------Thread id: < 140227223734016 > Running...----------------
----------------Thread id: < 140227215341312 > Running...----------------
----------------Thread id: < 140227206948608 > Running...----------------
----------------Thread id: < 140227198555904 > Running...----------------

----------------Mysql id : 0 Create seccess!----------------
----------------Thread id: < 140028711941888 > Running...----------------
----------------Thread id: < 140028703549184 > Running...----------------
----------------Thread id: < 140028695156480 > Running...----------------
----------------Thread id: < 140028686763776 > Running...----------------
----------------Thread id: < 140028678371072 > Running...----------------

----------------Mysql id : 0 Create seccess!----------------
----------------Thread id: < 139921527830272 > Running...----------------
----------------Thread id: < 139921519437568 > Running...----------------
----------------Thread id: < 139921511044864 > Running...----------------
----------------Thread id: < 139921502652160 > Running...----------------
----------------Thread id: < 139921494259456 > Running...----------------

----------------Mysql id : 0 Create seccess!----------------
----------------Mysql id : 0 Create seccess!----------------
----------------Mysql id : 0 Create seccess!----------------
----------------Mysql id : 1 Create seccess!----------------
----------------Mysql id : 0 Create seccess!----------------
----------------Mysql id : 0 Create seccess!----------------
----------------Mysql id : 1 Create seccess!----------------
----------------Mysql id : 1 Create seccess!----------------
----------------Mysql id : 0 Create seccess!----------------
----------------Mysql id : 1 Create seccess!----------------
----------------Mysql id : 0 Create seccess!----------------
----------------Mysql id : 2 Create seccess!----------------
----------------Mysql id : 1 Create seccess!----------------
----------------Mysql id : 1 Create seccess!----------------
----------------Mysql id : 1 Create seccess!----------------
----------------Mysql id : 3 Create seccess!----------------
----------------Mysql id : 1 Create seccess!----------------
----------------Mysql id : 0 Create seccess!----------------
----------------Mysql id : 2 Create seccess!----------------
----------------Mysql id : 2 Create seccess!----------------
----------------Mysql id : 1 Create seccess!----------------
----------------Mysql id : 2 Create seccess!----------------
----------------Mysql id : 2 Create seccess!----------------
----------------Mysql id : 2 Create seccess!----------------
----------------Mysql id : 4 Create seccess!----------------

----------------Redis id : 0 Create seccess!----------------
----------------Redis id : 1 Create seccess!----------------
----------------Redis id : 2 Create seccess!----------------
----------------Redis id : 3 Create seccess!----------------
----------------Redis id : 4 Create seccess!----------------
----------------Mysql id : 3 Create seccess!----------------
----------------Mysql id : 3 Create seccess!----------------
----------------Mysql id : 3 Create seccess!----------------
----------------Mysql id : 2 Create seccess!----------------
----------------Mysql id : 2 Create seccess!----------------
----------------Mysql id : 1 Create seccess!----------------
----------------Mysql id : 2 Create seccess!----------------
----------------Mysql id : 3 Create seccess!----------------
----------------Mysql id : 4 Create seccess!----------------

----------------Redis id : 0 Create seccess!----------------
----------------Redis id : 1 Create seccess!----------------
----------------Redis id : 2 Create seccess!----------------
----------------Redis id : 3 Create seccess!----------------
----------------Redis id : 4 Create seccess!----------------
----------------Mysql id : 3 Create seccess!----------------
----------------Mysql id : 4 Create seccess!----------------

----------------Redis id : 0 Create seccess!----------------
----------------Redis id : 1 Create seccess!----------------
----------------Redis id : 2 Create seccess!----------------
----------------Redis id : 3 Create seccess!----------------
----------------Redis id : 4 Create seccess!----------------
----------------Mysql id : 2 Create seccess!----------------
----------------Mysql id : 4 Create seccess!----------------

----------------Redis id : 0 Create seccess!----------------
----------------Redis id : 1 Create seccess!----------------
----------------Redis id : 2 Create seccess!----------------
----------------Redis id : 3 Create seccess!----------------
----------------Redis id : 4 Create seccess!----------------
----------------Mysql id : 4 Create seccess!----------------

----------------Redis id : 0 Create seccess!----------------
----------------Redis id : 1 Create seccess!----------------
----------------Redis id : 2 Create seccess!----------------
----------------Redis id : 3 Create seccess!----------------
----------------Redis id : 4 Create seccess!----------------
----------------Mysql id : 3 Create seccess!----------------
----------------Mysql id : 4 Create seccess!----------------

----------------Redis id : 0 Create seccess!----------------
----------------Redis id : 1 Create seccess!----------------
----------------Redis id : 2 Create seccess!----------------
----------------Redis id : 3 Create seccess!----------------
----------------Redis id : 4 Create seccess!----------------
----------------Mysql id : 3 Create seccess!----------------
----------------Mysql id : 3 Create seccess!----------------
----------------Mysql id : 4 Create seccess!----------------

----------------Redis id : 0 Create seccess!----------------
----------------Redis id : 1 Create seccess!----------------
----------------Redis id : 2 Create seccess!----------------
----------------Redis id : 3 Create seccess!----------------
----------------Redis id : 4 Create seccess!----------------
----------------Mysql id : 3 Create seccess!----------------
----------------Mysql id : 4 Create seccess!----------------

----------------Redis id : 0 Create seccess!----------------
----------------Redis id : 1 Create seccess!----------------
----------------Redis id : 2 Create seccess!----------------
----------------Redis id : 3 Create seccess!----------------
----------------Redis id : 4 Create seccess!----------------
----------------Mysql id : 4 Create seccess!----------------

----------------Redis id : 0 Create seccess!----------------
----------------Redis id : 1 Create seccess!----------------
----------------Redis id : 2 Create seccess!----------------
----------------Redis id : 3 Create seccess!----------------
----------------Redis id : 4 Create seccess!----------------
----------------Mysql id : 4 Create seccess!----------------

----------------Redis id : 0 Create seccess!----------------
----------------Redis id : 1 Create seccess!----------------
----------------Redis id : 2 Create seccess!----------------
----------------Redis id : 3 Create seccess!----------------
----------------Redis id : 4 Create seccess!----------------
== Author: Daijia = 2020-03-21 17:12:41 == ip: 0.0.0.0, port: 0 connect success!
== Author: Daijia = 2020-03-21 17:12:48 == ip: 0.0.0.0, port: 0 connect success!
== Author: Daijia = 2020-03-21 17:13:02 == ip: 0.0.0.0, port: 0 connect success!
== Author: Daijia = 2020-03-21 17:13:11 == ip: 0.0.0.0, port: 0 connect success!
----------------Thread id: < 140561372047104 > Dealing...----------------
id: 452 name: dw passwd: 56 type0
----------------Thread id: < 140028711941888 > Dealing...----------------
id: 61 name: dwq passwd: 16dw type1
----------------Thread id: < 139840271705856 > Dealing...----------------
id: 8 name: 2 passwd: 2 type0
----------------Thread id: < 140702630692608 > Dealing...----------------
id: 56 name: 2 passwd: 2 type0
----------------Thread id: < 140702613907200 > Dealing...----------------
== Author: Daijia = 2020-03-21 17:14:29 == ip: 0.0.0.0, port: 0 exit!
== Author: Daijia = 2020-03-21 17:14:37 == ip: 0.0.0.0, port: 0 exit!
== Author: Daijia = 2020-03-21 17:14:44 == ip: 0.0.0.0, port: 0 exit!
== Author: Daijia = 2020-03-21 17:14:59 == ip: 0.0.0.0, port: 0 exit!
== Author: Daijia = 2020-03-21 17:16:17 == ip: 0.0.0.0, port: 0 connect success!
== Author: Daijia = 2020-03-21 17:16:22 == ip: 0.0.0.0, port: 0 exit!
== Author: Daijia = 2020-03-21 17:24:11 == ip: 0.0.0.0, port: 0 connect success!
== Author: Daijia = 2020-03-21 17:24:17 == ip: 0.0.0.0, port: 0 exit!
== Author: Daijia = 2020-03-21 17:28:06 == ip: 0.0.0.0, port: 0 connect success!
== Author: Daijia = 2020-03-21 17:28:11 == ip: 0.0.0.0, port: 0 exit!
== Author: Daijia = 2020-03-21 17:28:16 == ip: 0.0.0.0, port: 0 connect success!
== Author: Daijia = 2020-03-21 17:28:19 == ip: 0.0.0.0, port: 0 exit!
== Author: Daijia = 2020-03-21 17:28:27 == ip: 0.0.0.0, port: 0 connect success!
== Author: Daijia = 2020-03-21 17:28:30 == ip: 0.0.0.0, port: 0 exit!
== Author: Daijia = 2020-03-21 17:29:12 == ip: 0.0.0.0, port: 0 connect success!
== Author: Daijia = 2020-03-21 17:29:15 == ip: 0.0.0.0, port: 0 exit!
== Author: Daijia = 2020-03-21 17:29:44 == ip: 0.0.0.0, port: 0 connect success!
== Author: Daijia = 2020-03-21 17:29:47 == ip: 0.0.0.0, port: 0 exit!
== Author: Daijia = 2020-03-21 17:33:39 == ip: 0.0.0.0, port: 0 connect success!
== Author: Daijia = 2020-03-21 17:33:42 == ip: 0.0.0.0, port: 0 exit!
== Author: Daijia = 2020-03-21 17:35:35 == ip: 0.0.0.0, port: 0 connect success!
== Author: Daijia = 2020-03-21 17:35:38 == ip: 0.0.0.0, port: 0 exit!
== Author: Daijia = 2020-03-21 17:36:37 == ip: 0.0.0.0, port: 0 connect success!
== Author: Daijia = 2020-03-21 17:36:39 == ip: 0.0.0.0, port: 0 exit!
== Author: Daijia = 2020-03-21 17:41:22 == ip: 0.0.0.0, port: 0 connect success!
== Author: Daijia = 2020-03-21 17:41:28 == ip: 0.0.0.0, port: 0 exit!
== Author: Daijia = 2020-03-21 17:41:29 == ip: 0.0.0.0, port: 0 connect success!
== Author: Daijia = 2020-03-21 17:41:31 == ip: 0.0.0.0, port: 0 exit!
== Author: Daijia = 2020-03-21 17:44:10 == ip: 0.0.0.0, port: 0 connect success!
== Author: Daijia = 2020-03-21 17:44:12 == ip: 0.0.0.0, port: 0 exit!
== Author: Daijia = 2020-03-21 17:48:09 == ip: 0.0.0.0, port: 0 connect success!
== Author: Daijia = 2020-03-21 17:48:11 == ip: 0.0.0.0, port: 0 exit!
== Author: Daijia = 2020-03-21 17:49:14 == ip: 0.0.0.0, port: 0 connect success!
== Author: Daijia = 2020-03-21 17:53:50 == ip: 0.0.0.0, port: 0 exit!
== Author: Daijia = 2020-03-21 17:53:52 == ip: 0.0.0.0, port: 0 connect success!
----------------Thread id: < 140028703549184 > Dealing...----------------
id: 0 name:  passwd:  type0
== Author: Daijia = 2020-03-21 17:55:17 == ip: 0.0.0.0, port: 0 exit!
== Author: Daijia = 2020-03-21 17:55:25 == ip: 0.0.0.0, port: 0 connect success!
== Author: Daijia = 2020-03-21 17:57:10 == ip: 0.0.0.0, port: 0 exit!
== Author: Daijia = 2020-03-21 17:57:16 == ip: 0.0.0.0, port: 0 connect success!
== Author: Daijia = 2020-03-21 17:58:25 == ip: 0.0.0.0, port: 0 exit!
== Author: Daijia = 2020-03-21 17:58:30 == ip: 0.0.0.0, port: 0 connect success!
== Author: Daijia = 2020-03-21 17:58:49 == ip: 0.0.0.0, port: 0 exit!
== Author: Daijia = 2020-03-21 17:59:47 == ip: 0.0.0.0, port: 0 connect success!
----------------Thread id: < 140028686763776 > Dealing...----------------
id: 1 name: fweFE passwd: FEWf type0
== Author: Daijia = 2020-03-21 18:02:13 == ip: 0.0.0.0, port: 0 exit!
== Author: Daijia = 2020-03-21 18:02:17 == ip: 0.0.0.0, port: 0 connect success!
== Author: Daijia = 2020-03-21 18:09:03 == ip: 0.0.0.0, port: 0 exit!
== Author: Daijia = 2020-03-21 18:09:08 == ip: 0.0.0.0, port: 0 connect success!
== Author: Daijia = 2020-03-21 18:11:02 == ip: 0.0.0.0, port: 0 exit!
== Author: Daijia = 2020-03-21 18:11:08 == ip: 0.0.0.0, port: 0 connect success!
----------------Thread id: < 140561363654400 > Dealing...----------------
id: 135 name: sw passwd: fwe type0
== Author: Daijia = 2020-03-21 18:11:47 == ip: 0.0.0.0, port: 0 exit!
----------------Thread id: < 140128485684992 > Running...----------------
----------------Thread id: < 140128477292288 > Running...----------------
----------------Thread id: < 140128468899584 > Running...----------------
----------------Thread id: < 140128460506880 > Running...----------------
----------------Thread id: < 140128452114176 > Running...----------------

----------------Thread id: < 140490445940480 > Running...----------------
----------------Thread id: < 140490437547776 > Running...----------------
----------------Thread id: < 140490429155072 > Running...----------------
----------------Thread id: < 140490420762368 > Running...----------------
----------------Thread id: < 140490412369664 > Running...----------------

----------------Thread id: < 140353851635456 > Running...----------------
----------------Thread id: < 140353843242752 > Running...----------------
----------------Thread id: < 140353834850048 > Running...----------------
----------------Thread id: < 140353826457344 > Running...----------------
----------------Thread id: < 140353818064640 > Running...----------------

----------------Thread id: < 140597765269248 > Running...----------------
----------------Thread id: < 140126977136384 > Running...----------------
----------------Thread id: < 140126968743680 > Running...----------------
----------------Thread id: < 140126960350976 > Running...----------------
----------------Thread id: < 140126951958272 > Running...----------------
----------------Thread id: < 140126943565568 > Running...----------------

----------------Thread id: < 139926685165312 > Running...----------------
----------------Thread id: < 139926676772608 > Running...----------------
----------------Thread id: < 139926668379904 > Running...----------------
----------------Thread id: < 139926659987200 > Running...----------------
----------------Thread id: < 139926651594496 > Running...----------------

----------------Thread id: < 140025703716608 > Running...----------------
----------------Thread id: < 140025695323904 > Running...----------------
----------------Thread id: < 140025686931200 > Running...----------------
----------------Thread id: < 140025678538496 > Running...----------------
----------------Thread id: < 140025670145792 > Running...----------------

----------------Mysql id : 0 Create seccess!----------------
----------------Thread id: < 140542549473024 > Running...----------------
----------------Thread id: < 140542541080320 > Running...----------------
----------------Thread id: < 140542532687616 > Running...----------------
----------------Thread id: < 140542524294912 > Running...----------------
----------------Thread id: < 140542515902208 > Running...----------------

----------------Thread id: < 140351711061760 > Running...----------------
----------------Thread id: < 140351702669056 > Running...----------------
----------------Thread id: < 140351694276352 > Running...----------------
----------------Thread id: < 140351685883648 > Running...----------------
----------------Thread id: < 140351677490944 > Running...----------------

----------------Mysql id : 0 Create seccess!----------------
----------------Mysql id : 0 Create seccess!----------------
----------------Mysql id : 0 Create seccess!----------------
----------------Mysql id : 0 Create seccess!----------------
----------------Mysql id : 0 Create seccess!----------------
----------------Thread id: < 140549688469248 > Running...----------------
----------------Thread id: < 140549680076544 > Running...----------------
----------------Thread id: < 140549671683840 > Running...----------------
----------------Thread id: < 140549663291136 > Running...----------------
----------------Thread id: < 140549654898432 > Running...----------------

----------------Thread id: < 140597756876544 > Running...----------------
----------------Thread id: < 140597748483840 > Running...----------------
----------------Thread id: < 140597740091136 > Running...----------------
----------------Thread id: < 140597731698432 > Running...----------------

----------------Mysql id : 0 Create seccess!----------------
----------------Mysql id : 1 Create seccess!----------------
----------------Mysql id : 1 Create seccess!----------------
----------------Mysql id : 1 Create seccess!----------------
----------------Mysql id : 2 Create seccess!----------------
----------------Mysql id : 1 Create seccess!----------------
----------------Mysql id : 1 Create seccess!----------------
----------------Mysql id : 2 Create seccess!----------------
----------------Mysql id : 0 Create seccess!----------------
----------------Mysql id : 1 Create seccess!----------------
----------------Mysql id : 0 Create seccess!----------------
----------------Mysql id : 0 Create seccess!----------------
----------------Mysql id : 2 Create seccess!----------------
----------------Mysql id : 1 Create seccess!----------------
----------------Mysql id : 3 Create seccess!----------------
----------------Mysql id : 2 Create seccess!----------------
----------------Mysql id : 2 Create seccess!----------------
----------------Mysql id : 1 Create seccess!----------------
----------------Mysql id : 3 Create seccess!----------------
----------------Mysql id : 3 Create seccess!----------------
----------------Mysql id : 1 Create seccess!----------------
----------------Mysql id : 1 Create seccess!----------------
----------------Mysql id : 2 Create seccess!----------------
----------------Mysql id : 3 Create seccess!----------------
----------------Mysql id : 2 Create seccess!----------------
----------------Mysql id : 4 Create seccess!----------------

----------------Redis id : 0 Create seccess!----------------
----------------Redis id : 1 Create seccess!----------------
----------------Redis id : 2 Create seccess!----------------
----------------Redis id : 3 Create seccess!----------------
----------------Redis id : 4 Create seccess!----------------
----------------Mysql id : 2 Create seccess!----------------
----------------Mysql id : 2 Create seccess!----------------
----------------Mysql id : 2 Create seccess!----------------
----------------Mysql id : 3 Create seccess!----------------
----------------Mysql id : 3 Create seccess!----------------
----------------Mysql id : 3 Create seccess!----------------
----------------Mysql id : 4 Create seccess!----------------

----------------Redis id : 0 Create seccess!----------------
----------------Redis id : 1 Create seccess!----------------
----------------Redis id : 2 Create seccess!----------------
----------------Redis id : 3 Create seccess!----------------
----------------Redis id : 4 Create seccess!----------------
----------------Mysql id : 3 Create seccess!----------------
----------------Mysql id : 4 Create seccess!----------------

----------------Redis id : 0 Create seccess!----------------
----------------Redis id : 1 Create seccess!----------------
----------------Redis id : 2 Create seccess!----------------
----------------Redis id : 3 Create seccess!----------------
----------------Redis id : 4 Create seccess!----------------
----------------Mysql id : 4 Create seccess!----------------

----------------Redis id : 0 Create seccess!----------------
----------------Redis id : 1 Create seccess!----------------
----------------Redis id : 2 Create seccess!----------------
----------------Redis id : 3 Create seccess!----------------
----------------Redis id : 4 Create seccess!----------------
----------------Mysql id : 4 Create seccess!----------------

----------------Redis id : 0 Create seccess!----------------
----------------Redis id : 1 Create seccess!----------------
----------------Redis id : 2 Create seccess!----------------
----------------Redis id : 3 Create seccess!----------------
----------------Redis id : 4 Create seccess!----------------
----------------Mysql id : 4 Create seccess!----------------

----------------Redis id : 0 Create seccess!----------------
----------------Redis id : 1 Create seccess!----------------
----------------Redis id : 2 Create seccess!----------------
----------------Redis id : 3 Create seccess!----------------
----------------Redis id : 4 Create seccess!----------------
----------------Mysql id : 4 Create seccess!----------------

----------------Redis id : 0 Create seccess!----------------
----------------Redis id : 1 Create seccess!----------------
----------------Redis id : 2 Create seccess!----------------
----------------Redis id : 3 Create seccess!----------------
----------------Redis id : 4 Create seccess!----------------
----------------Mysql id : 3 Create seccess!----------------
----------------Mysql id : 4 Create seccess!----------------

----------------Redis id : 0 Create seccess!----------------
----------------Redis id : 1 Create seccess!----------------
----------------Redis id : 2 Create seccess!----------------
----------------Redis id : 3 Create seccess!----------------
----------------Redis id : 4 Create seccess!----------------
----------------Mysql id : 3 Create seccess!----------------
----------------Mysql id : 4 Create seccess!----------------

----------------Redis id : 0 Create seccess!----------------
----------------Redis id : 1 Create seccess!----------------
----------------Redis id : 2 Create seccess!----------------
----------------Redis id : 3 Create seccess!----------------
----------------Redis id : 4 Create seccess!----------------
----------------Mysql id : 4 Create seccess!----------------

----------------Redis id : 0 Create seccess!----------------
----------------Redis id : 1 Create seccess!----------------
----------------Redis id : 2 Create seccess!----------------
----------------Redis id : 3 Create seccess!----------------
----------------Redis id : 4 Create seccess!----------------
== Author: Daijia = 2020-03-21 18:35:11 == ip: 127.0.0.1, port: 5000 connect success!
----------------Thread id: < 140542549473024 > Dealing...----------------
id: 489 name: dswf passwd: fewf type0
== Author: Daijia = 2020-03-21 18:35:19 == ip: 127.0.0.1, port: 5000 exit!
== Author: Daijia = 2020-03-21 18:35:21 == ip: 127.0.0.1, port: 5000 connect success!
----------------Thread id: < 140542541080320 > Dealing...----------------
id: 456 name: 1 passwd: 1 type0
== Author: Daijia = 2020-03-21 18:36:48 == ip: 127.0.0.1, port: 5000 exit!
== Author: Daijia = 2020-03-21 18:36:48 == ip: 0.0.0.0, port: 0 exit!
[ser_socket.cpp][130]recv ip:127.0.0.1 port:9861 loop:1000 buf-len:44 error

== Author: Daijia = 2020-03-21 18:37:27 == ip: 127.0.0.1, port: 5000 connect success!
== Author: Daijia = 2020-03-21 18:37:30 == ip: 127.0.0.1, port: 5000 exit!
== Author: Daijia = 2020-03-21 18:37:32 == ip: 127.0.0.1, port: 5000 connect success!
----------------Thread id: < 140490429155072 > Dealing...----------------
== Author: Daijia = 2020-03-21 18:37:39 == ip: 127.0.0.1, port: 5000 exit!
----------------Thread id: < 140021520680704 > Running...----------------
----------------Thread id: < 140021512288000 > Running...----------------
----------------Thread id: < 140021503895296 > Running...----------------
----------------Thread id: < 140021495502592 > Running...----------------
----------------Thread id: < 140021487109888 > Running...----------------

----------------Mysql id : 0 Create seccess!----------------
----------------Mysql id : 1 Create seccess!----------------
----------------Mysql id : 2 Create seccess!----------------
----------------Mysql id : 3 Create seccess!----------------
----------------Mysql id : 4 Create seccess!----------------

----------------Redis id : 0 Create seccess!----------------
----------------Redis id : 1 Create seccess!----------------
----------------Redis id : 2 Create seccess!----------------
----------------Redis id : 3 Create seccess!----------------
----------------Redis id : 4 Create seccess!----------------
== Author: Daijia = 2020-03-22 14:46:23 == client ip: 0.0.0.0, port: 0 connect success!
----------------Thread id: < 140021520680704 > Dealing...----------------
[Register]--> id: 11 name: 11 passwd: 11 type: 0
----------------Thread id: < 140021512288000 > Dealing...----------------
[Login]--> id: 11 passwd: 11 type: 0
----------------Thread id: < 140021503895296 > Dealing...----------------
[Register]--> id: 11 name: 11 passwd: 11 type: 1
----------------Thread id: < 140021495502592 > Dealing...----------------
[Login]--> id: 11 passwd: 11 type: 1
== Author: Daijia = 2020-03-22 14:47:27 == client ip: 0.0.0.0, port: 0 exit!
== Author: Daijia = 2020-03-22 14:47:29 == client ip: 0.0.0.0, port: 0 connect success!
----------------Thread id: < 140021487109888 > Dealing...----------------
[Login]--> id: 11 passwd: 11 type: 1
----------------Thread id: < 140021520680704 > Dealing...----------------
[Register]--> id: 44 name: 44 passwd: 44 type: 1
----------------Thread id: < 140021512288000 > Dealing...----------------
[Login]--> id: 44 passwd: 44 type: 1
== Author: Daijia = 2020-03-22 15:02:25 == client ip: 0.0.0.0, port: 0 exit!
== Author: Daijia = 2020-03-22 15:02:34 == client ip: 0.0.0.0, port: 0 connect success!
== Author: Daijia = 2020-03-22 15:04:14 == client ip: 0.0.0.0, port: 0 exit!
== Author: Daijia = 2020-03-22 15:04:18 == client ip: 0.0.0.0, port: 0 connect success!
== Author: Daijia = 2020-03-22 15:04:26 == client ip: 0.0.0.0, port: 0 exit!
== Author: Daijia = 2020-03-22 15:06:20 == client ip: 0.0.0.0, port: 0 connect success!
== Author: Daijia = 2020-03-22 15:07:20 == client ip: 0.0.0.0, port: 0 exit!
== Author: Daijia = 2020-03-22 15:07:25 == client ip: 0.0.0.0, port: 0 connect success!
----------------Thread id: < 140021503895296 > Dealing...----------------
[Register]--> id: 0 name: 00 passwd:  type: 0
----------------Thread id: < 140021495502592 > Dealing...----------------
[Login]--> id: 0 passwd:  type: 0
----------------Thread id: < 140021487109888 > Dealing...----------------
[Register]--> id: 0 name: 000 passwd:  type: 0
----------------Thread id: < 140021520680704 > Dealing...----------------
[Login]--> id: 0 passwd:  type: 0
== Author: Daijia = 2020-03-22 15:09:07 == client ip: 0.0.0.0, port: 0 exit!
== Author: Daijia = 2020-03-22 15:09:12 == client ip: 0.0.0.0, port: 0 connect success!
== Author: Daijia = 2020-03-22 15:09:26 == client ip: 0.0.0.0, port: 0 exit!
== Author: Daijia = 2020-03-22 15:18:51 == client ip: 0.0.0.0, port: 0 connect success!
----------------Thread id: < 140021512288000 > Dealing...----------------
[Register]--> id: 78 name: jiadai passwd: 123456 type: 1
----------------Thread id: < 140021503895296 > Dealing...----------------
[Login]--> id: 78 passwd: 123456 type: 1
== Author: Daijia = 2020-03-22 15:20:28 == client ip: 0.0.0.0, port: 0 exit!
----------------Thread id: < 140712157685504 > Running...----------------
----------------Thread id: < 140712149292800 > Running...----------------
----------------Thread id: < 140712140900096 > Running...----------------
----------------Thread id: < 140712132507392 > Running...----------------
----------------Thread id: < 140712124114688 > Running...----------------

----------------Mysql id : 0 Create seccess!----------------
----------------Mysql id : 1 Create seccess!----------------
----------------Mysql id : 2 Create seccess!----------------
----------------Mysql id : 3 Create seccess!----------------
----------------Mysql id : 4 Create seccess!----------------

----------------Redis id : 0 Create seccess!----------------
----------------Redis id : 1 Create seccess!----------------
----------------Redis id : 2 Create seccess!----------------
----------------Redis id : 3 Create seccess!----------------
----------------Redis id : 4 Create seccess!----------------
== Author: Daijia = 2020-03-22 15:28:13 == client ip: 0.0.0.0, port: 0 connect success!
----------------Thread id: < 140712157685504 > Dealing...----------------
[Register]--> id: 55555 name: jiadai passwd: 55555 type: 0
----------------Thread id: < 140712149292800 > Dealing...----------------
[Login]--> id: 55555 passwd: 55555 type: 0
----------------Thread id: < 139678266935040 > Running...----------------
----------------Thread id: < 139678258542336 > Running...----------------
----------------Thread id: < 139678250149632 > Running...----------------
----------------Thread id: < 139678241756928 > Running...----------------
----------------Thread id: < 139678233364224 > Running...----------------

----------------Mysql id : 0 Create seccess!----------------
----------------Mysql id : 1 Create seccess!----------------
----------------Mysql id : 2 Create seccess!----------------
----------------Mysql id : 3 Create seccess!----------------
----------------Mysql id : 4 Create seccess!----------------

----------------Redis id : 0 Create seccess!----------------
----------------Redis id : 1 Create seccess!----------------
----------------Redis id : 2 Create seccess!----------------
----------------Redis id : 3 Create seccess!----------------
----------------Redis id : 4 Create seccess!----------------
== Author: Daijia = 2020-03-22 16:12:38 == client ip: 0.0.0.0, port: 0 connect success!
----------------Thread id: < 140712140900096 > Dealing...----------------
[Register]--> id: 43 name: 1 passwd: 1 type: 0
----------------Thread id: < 140121363875584 > Running...----------------
----------------Thread id: < 140121355482880 > Running...----------------
----------------Thread id: < 140121347090176 > Running...----------------
----------------Thread id: < 140121338697472 > Running...----------------
----------------Thread id: < 140121330304768 > Running...----------------

----------------Mysql id : 0 Create seccess!----------------
----------------Mysql id : 1 Create seccess!----------------
----------------Mysql id : 2 Create seccess!----------------
----------------Mysql id : 3 Create seccess!----------------
----------------Mysql id : 4 Create seccess!----------------

----------------Redis id : 0 Create seccess!----------------
----------------Redis id : 1 Create seccess!----------------
----------------Redis id : 2 Create seccess!----------------
----------------Redis id : 3 Create seccess!----------------
----------------Redis id : 4 Create seccess!----------------
== Author: Jiadai = 2020-03-23 16:05:16 == server start fail, connect fail!
----------------Thread id: < 140518340085504 > Running...----------------
----------------Thread id: < 140518331692800 > Running...----------------
----------------Thread id: < 140518323300096 > Running...----------------
----------------Thread id: < 140518314907392 > Running...----------------
----------------Thread id: < 140518306514688 > Running...----------------

----------------Mysql id : 0 Create seccess!----------------
----------------Mysql id : 1 Create seccess!----------------
----------------Mysql id : 2 Create seccess!----------------
----------------Mysql id : 3 Create seccess!----------------
----------------Mysql id : 4 Create seccess!----------------

----------------Redis id : 0 Create seccess!----------------
----------------Redis id : 1 Create seccess!----------------
----------------Redis id : 2 Create seccess!----------------
----------------Redis id : 3 Create seccess!----------------
----------------Redis id : 4 Create seccess!----------------
== Author: Jiadai = 2020-03-23 16:09:40 == client ip: 127.0.0.1, port: 24992 connect success!
----------------Thread id: < 140518340085504 > Dealing...----------------
[Register]--> id: 123 name: jiadai passwd: 123456 type: 1
----------------Thread id: < 140518306514688 > Dealing...----------------
[Register]--> id: 123 name: ╝ори passwd: 123456 type: 1
----------------Thread id: < 140518323300096 > Dealing...----------------
[Login]--> id: 123 passwd: 123456 type: 1
